<testsuites id="" name="" tests="1" failures="0" skipped="0" errors="0" time="66.71311">
<testsuite name="Tests\houseKeepingPageTest.spec.js" timestamp="2024-12-25T13:03:17.438Z" hostname="chromium" tests="1" failures="0" skipped="0" time="65.027" errors="0">
<testcase name="To verify the houseKeeping services › Verify the houseKeeping page" classname="Tests\houseKeepingPageTest.spec.js" time="65.027">
<system-out>
<![CDATA[Chrome Browser launched successfully ✅ 
Navigated to the https://fairmont.hudinielevate-stage.io/en/fairmont-mumbai/ successfully ✅ .
 API call was successful.✅ 
Page has been closed ✅ 
Context has been closed ✅ 
Browser has been closed ✅ 
]]>
</system-out>
</testcase>
</testsuite>
</testsuites>